2016-04-03 [15:21:47] [Server thread/INFO]:              iServer is NOT a direct fork of PocketMine-MP, however it extends & implents the same technologies and protocols and would not be possible without it.
              Test server at us.diamondrealms.tk:19132
            Website: https://thelucyclub2.yohosts.info/rdc/default.html
2016-04-03 [15:21:47] [Server thread/INFO]: Loading iServer.yml...
2016-04-03 [15:21:47] [Server thread/INFO]: Loading genisys.yml...
2016-04-03 [15:21:47] [Server thread/INFO]: Loading server properties...
2016-04-03 [15:21:47] [Server thread/INFO]: Selected English (eng) as the base language
2016-04-03 [15:21:47] [Server thread/INFO]: Starting Minecraft: PE server version Diamond Realms Network
2016-04-03 [15:21:47] [Server thread/INFO]: Opening server on 0.0.0.0:19132
2016-04-03 [15:21:47] [Server thread/INFO]: This server is running Genisys version 1.1dev "Ikaros" (API 2.0.0)
2016-04-03 [15:21:47] [Server thread/INFO]: Genisys is distributed under the LGPL License
2016-04-03 [15:21:48] [RakLibServer thread/1]: **** FAILED TO BIND TO 0.0.0.0:19132!
2016-04-03 [15:21:48] [RakLibServer thread/1]: Perhaps a server is already running on that port?
2016-04-03 [15:21:48] [Server thread/EMERGENCY]: RakLib crashed!
2016-04-03 [15:21:48] [Server thread/NOTICE]: Level "world" not found
2016-04-03 [15:21:48] [Server thread/INFO]: Preparing level "world"
2016-04-03 [15:21:48] [Server thread/NOTICE]: Spawn terrain for level "world" is being generated in the background
2016-04-03 [15:21:48] [Server thread/NOTICE]: Level "nether" not found
2016-04-03 [15:21:48] [Server thread/INFO]: Preparing level "nether"
2016-04-03 [15:21:48] [Server thread/NOTICE]: Spawn terrain for level "nether" is being generated in the background
2016-04-03 [15:21:48] [Server thread/INFO]: Starting GS4 status listener
2016-04-03 [15:21:48] [Server thread/INFO]: Setting query port to 19132
2016-04-03 [15:21:48] [Server thread/INFO]: Query running on 0.0.0.0:19132
2016-04-03 [15:21:48] [Server thread/INFO]: Default game type: Survival Mode
2016-04-03 [15:21:48] [Server thread/INFO]: Done (8.606s)! For help, type "help" or "?"
2016-04-03 [15:21:48] [Server thread/CRITICAL]: [Network] Stopped interface pocketmine\network\RakLibInterface due to RakLib Thread crashed
2016-04-03 [15:35:28] [Server thread/INFO]:              iServer is NOT a direct fork of PocketMine-MP, however it extends & implents the same technologies and protocols and would not be possible without it.
              Test server at us.diamondrealms.tk:19132
            Website: https://thelucyclub2.yohosts.info/rdc/default.html
2016-04-03 [15:35:28] [Server thread/INFO]: Loading iServer.yml...
2016-04-03 [15:35:28] [Server thread/INFO]: Loading genisys.yml...
2016-04-03 [15:35:28] [Server thread/INFO]: Loading server properties...
2016-04-03 [15:35:28] [Server thread/INFO]: Selected English (eng) as the base language
2016-04-03 [15:35:28] [Server thread/INFO]: Starting Minecraft: PE server version iServer v1.0.24.6
2016-04-03 [15:35:28] [Server thread/INFO]: Opening server on 0.0.0.0:19132
2016-04-03 [15:35:28] [Server thread/INFO]: This server is running Genisys version 1.1dev "Ikaros" (API 2.0.0)
2016-04-03 [15:35:28] [Server thread/INFO]: Genisys is distributed under the LGPL License
2016-04-03 [15:35:28] [RakLibServer thread/1]: **** FAILED TO BIND TO 0.0.0.0:19132!
2016-04-03 [15:35:28] [RakLibServer thread/1]: Perhaps a server is already running on that port?
2016-04-03 [15:35:28] [Server thread/EMERGENCY]: RakLib crashed!
2016-04-03 [15:35:28] [Server thread/INFO]: Preparing level "world"
2016-04-03 [15:35:28] [Server thread/INFO]: Preparing level "nether"
2016-04-03 [15:35:28] [Server thread/INFO]: Starting GS4 status listener
2016-04-03 [15:35:28] [Server thread/INFO]: Setting query port to 19132
2016-04-03 [15:35:28] [Server thread/INFO]: Query running on 0.0.0.0:19132
2016-04-03 [15:35:28] [Server thread/INFO]: Default game type: Survival Mode
2016-04-03 [15:35:28] [Server thread/INFO]: Done (0.359s)! For help, type "help" or "?"
2016-04-03 [15:35:28] [Server thread/CRITICAL]: [Network] Stopped interface pocketmine\network\RakLibInterface due to RakLib Thread crashed
2016-04-03 [15:36:33] [Server thread/INFO]:              iServer is NOT a direct fork of PocketMine-MP, however it extends & implents the same technologies and protocols and would not be possible without it.
              Test server at us.diamondrealms.tk:19132
            Website: https://thelucyclub2.yohosts.info/rdc/default.html
2016-04-03 [15:36:33] [Server thread/INFO]: Loading iServer.yml...
2016-04-03 [15:36:33] [Server thread/INFO]: Loading genisys.yml...
2016-04-03 [15:36:33] [Server thread/INFO]: Loading server properties...
2016-04-03 [15:36:33] [Server thread/INFO]: Selected English (eng) as the base language
2016-04-03 [15:36:33] [Server thread/INFO]: Starting Minecraft: PE server version iServer v1.0.24.6
2016-04-03 [15:36:33] [Server thread/INFO]: Opening server on 0.0.0.0:19132
2016-04-03 [15:36:33] [Server thread/INFO]: This server is running Genisys version 1.1dev "Ikaros" (API 2.0.0)
2016-04-03 [15:36:33] [Server thread/INFO]: Genisys is distributed under the LGPL License
2016-04-03 [15:36:34] [RakLibServer thread/1]: **** FAILED TO BIND TO 0.0.0.0:19132!
2016-04-03 [15:36:34] [RakLibServer thread/1]: Perhaps a server is already running on that port?
2016-04-03 [15:36:34] [Server thread/EMERGENCY]: RakLib crashed!
2016-04-03 [15:36:34] [Server thread/INFO]: Preparing level "world"
2016-04-03 [15:36:34] [Server thread/INFO]: Preparing level "nether"
2016-04-03 [15:36:34] [Server thread/INFO]: Starting GS4 status listener
2016-04-03 [15:36:34] [Server thread/INFO]: Setting query port to 19132
2016-04-03 [15:36:34] [Server thread/INFO]: Query running on 0.0.0.0:19132
2016-04-03 [15:36:34] [Server thread/INFO]: Default game type: Survival Mode
2016-04-03 [15:36:34] [Server thread/INFO]: Done (0.36s)! For help, type "help" or "?"
2016-04-03 [15:36:34] [Server thread/CRITICAL]: [Network] Stopped interface pocketmine\network\RakLibInterface due to RakLib Thread crashed
2016-04-03 [15:37:51] [Server thread/INFO]: You are running iServer by TheLucyClub (https://github.com/iServer-Project/iServer)
             iServer is NOT a direct fork of PocketMine-MP, however it extends & implents the same technologies and protocols and would not be possible without it.
              Test server at us.diamondrealms.tk:19132
            Website: https://thelucyclub2.yohosts.info/rdc/default.html
2016-04-03 [15:37:51] [Server thread/INFO]: Loading iServer.yml...
2016-04-03 [15:37:51] [Server thread/INFO]: Loading genisys.yml...
2016-04-03 [15:37:51] [Server thread/INFO]: Loading server properties...
2016-04-03 [15:37:51] [Server thread/INFO]: Selected English (eng) as the base language
2016-04-03 [15:37:51] [Server thread/INFO]: Starting Minecraft: PE server version iServer v1.0.24.6
2016-04-03 [15:37:51] [Server thread/INFO]: Opening server on 0.0.0.0:19132
2016-04-03 [15:37:51] [Server thread/INFO]: This server is running Genisys version 1.1dev "Ikaros" (API 2.0.0)
2016-04-03 [15:37:51] [Server thread/INFO]: Genisys is distributed under the LGPL License
2016-04-03 [15:37:51] [RakLibServer thread/1]: **** FAILED TO BIND TO 0.0.0.0:19132!
2016-04-03 [15:37:51] [RakLibServer thread/1]: Perhaps a server is already running on that port?
2016-04-03 [15:37:51] [Server thread/EMERGENCY]: RakLib crashed!
2016-04-03 [15:37:51] [Server thread/INFO]: Preparing level "world"
2016-04-03 [15:37:51] [Server thread/INFO]: Preparing level "nether"
2016-04-03 [15:37:51] [Server thread/INFO]: Starting GS4 status listener
2016-04-03 [15:37:51] [Server thread/INFO]: Setting query port to 19132
2016-04-03 [15:37:51] [Server thread/INFO]: Query running on 0.0.0.0:19132
2016-04-03 [15:37:51] [Server thread/INFO]: Default game type: Survival Mode
2016-04-03 [15:37:51] [Server thread/INFO]: Done (0.374s)! For help, type "help" or "?"
2016-04-03 [15:37:51] [Server thread/CRITICAL]: [Network] Stopped interface pocketmine\network\RakLibInterface due to RakLib Thread crashed
